[ 2025-12-30 14:18:25,668 ] 1025 httpx - INFO - HTTP Request: GET https://dagshub.com/api/v1/user "HTTP/1.1 200 OK"
[ 2025-12-30 14:18:25,670 ] 107 dagshub - INFO - Accessing as Vasunavadiya90
[ 2025-12-30 14:18:27,085 ] 1025 httpx - INFO - HTTP Request: GET https://dagshub.com/api/v1/repos/Vasunavadiya90/Network_security_Project-ML- "HTTP/1.1 200 OK"
[ 2025-12-30 14:18:28,182 ] 1025 httpx - INFO - HTTP Request: GET https://dagshub.com/api/v1/user "HTTP/1.1 200 OK"
[ 2025-12-30 14:18:28,185 ] 107 dagshub - INFO - Initialized MLflow to track repo "Vasunavadiya90/Network_security_Project-ML-"
[ 2025-12-30 14:18:28,187 ] 107 dagshub - INFO - Repository Vasunavadiya90/Network_security_Project-ML- initialized!
[ 2025-12-30 14:18:28,189 ] 16 root - INFO - initiate the data ingestion
[ 2025-12-30 14:18:30,184 ] 71 root - INFO - performed train test split on the dataframe
[ 2025-12-30 14:18:30,184 ] 72 root - INFO - Excited split_data_as_train_test_split method of data_ingestion class
[ 2025-12-30 14:18:30,184 ] 77 root - INFO - exporting training and testing file path.
[ 2025-12-30 14:18:30,217 ] 81 root - INFO - exported train and testing files
[ 2025-12-30 14:18:30,218 ] 18 root - INFO - Data Ingestion completed
[ 2025-12-30 14:18:30,219 ] 24 root - INFO - initiate the data validation
[ 2025-12-30 14:18:30,342 ] 39 root - INFO - Required Number of columns: 31
[ 2025-12-30 14:18:30,343 ] 40 root - INFO - Data frame has columns: 32
[ 2025-12-30 14:18:30,343 ] 39 root - INFO - Required Number of columns: 31
[ 2025-12-30 14:18:30,343 ] 40 root - INFO - Data frame has columns: 32
[ 2025-12-30 14:18:30,623 ] 26 root - INFO - data validation completed
[ 2025-12-30 14:18:30,624 ] 30 root - INFO - data transformation config started
[ 2025-12-30 14:18:30,624 ] 59 root - INFO - We entered the block of Data transformation inside the class method
[ 2025-12-30 14:18:30,624 ] 61 root - INFO - Starting the Data transformation
[ 2025-12-30 14:18:30,664 ] 47 root - INFO - Enneterd get_data_transformer object method of transformer class
[ 2025-12-30 14:18:30,667 ] 51 root - INFO - we initialize the KNNimputer with KNNImputer(n_neighbors=3)
[ 2025-12-30 14:18:30,683 ] 57 root - INFO - Entered the save Object method method of the Mainutils class
[ 2025-12-30 14:18:30,688 ] 61 root - INFO - Excited the save Object method of mainutils class 
[ 2025-12-30 14:18:30,688 ] 57 root - INFO - Entered the save Object method method of the Mainutils class
[ 2025-12-30 14:18:30,692 ] 61 root - INFO - Excited the save Object method of mainutils class 
[ 2025-12-30 14:18:30,694 ] 34 root - INFO - Data transformation completed
[ 2025-12-30 14:18:30,694 ] 38 root - INFO - initiate the model Training
[ 2025-12-30 14:19:03,594 ] 57 root - INFO - Entered the save Object method method of the Mainutils class
[ 2025-12-30 14:19:03,595 ] 61 root - INFO - Excited the save Object method of mainutils class 
[ 2025-12-30 14:19:03,596 ] 57 root - INFO - Entered the save Object method method of the Mainutils class
[ 2025-12-30 14:19:03,597 ] 61 root - INFO - Excited the save Object method of mainutils class 
[ 2025-12-30 14:19:03,597 ] 134 root - INFO - Model Trainer Artifact ModelTrainerArtifact(trained_model_file_path='Artifacts\\12_30_2025_14_14_21\\model_trainer\\trained_model\\model.pkl', train_metric_artifact=classsificationMetricsArtifact(f1_score=1.0, precision_score=1.0, recall_score=1.0), test_metric_artifact=classsificationMetricsArtifact(f1_score=0.9670510708401977, precision_score=0.9646672144617913, recall_score=0.9694467382328654))
[ 2025-12-30 14:19:03,597 ] 43 root - INFO - Model Training completed
