[ 2025-12-30 14:17:02,365 ] 1025 httpx - INFO - HTTP Request: GET https://dagshub.com/api/v1/user "HTTP/1.1 200 OK"
[ 2025-12-30 14:17:02,368 ] 107 dagshub - INFO - Accessing as Vasunavadiya90
[ 2025-12-30 14:17:03,696 ] 1025 httpx - INFO - HTTP Request: GET https://dagshub.com/api/v1/repos/Vasunavadiya90/Network_security_Project-ML- "HTTP/1.1 200 OK"
[ 2025-12-30 14:17:04,793 ] 1025 httpx - INFO - HTTP Request: GET https://dagshub.com/api/v1/user "HTTP/1.1 200 OK"
[ 2025-12-30 14:17:04,794 ] 107 dagshub - INFO - Initialized MLflow to track repo "Vasunavadiya90/Network_security_Project-ML-"
[ 2025-12-30 14:17:04,795 ] 107 dagshub - INFO - Repository Vasunavadiya90/Network_security_Project-ML- initialized!
[ 2025-12-30 14:17:04,796 ] 16 root - INFO - initiate the data ingestion
[ 2025-12-30 14:17:06,937 ] 71 root - INFO - performed train test split on the dataframe
[ 2025-12-30 14:17:06,937 ] 72 root - INFO - Excited split_data_as_train_test_split method of data_ingestion class
[ 2025-12-30 14:17:06,938 ] 77 root - INFO - exporting training and testing file path.
[ 2025-12-30 14:17:06,975 ] 81 root - INFO - exported train and testing files
[ 2025-12-30 14:17:06,975 ] 18 root - INFO - Data Ingestion completed
[ 2025-12-30 14:17:06,977 ] 24 root - INFO - initiate the data validation
[ 2025-12-30 14:17:07,053 ] 39 root - INFO - Required Number of columns: 31
[ 2025-12-30 14:17:07,053 ] 40 root - INFO - Data frame has columns: 32
[ 2025-12-30 14:17:07,053 ] 39 root - INFO - Required Number of columns: 31
[ 2025-12-30 14:17:07,053 ] 40 root - INFO - Data frame has columns: 32
[ 2025-12-30 14:17:07,241 ] 26 root - INFO - data validation completed
[ 2025-12-30 14:17:07,241 ] 30 root - INFO - data transformation config started
[ 2025-12-30 14:17:07,241 ] 59 root - INFO - We entered the block of Data transformation inside the class method
[ 2025-12-30 14:17:07,241 ] 61 root - INFO - Starting the Data transformation
[ 2025-12-30 14:17:07,262 ] 47 root - INFO - Enneterd get_data_transformer object method of transformer class
[ 2025-12-30 14:17:07,263 ] 51 root - INFO - we initialize the KNNimputer with KNNImputer(n_neighbors=3)
[ 2025-12-30 14:17:07,277 ] 57 root - INFO - Entered the save Object method method of the Mainutils class
[ 2025-12-30 14:17:07,281 ] 61 root - INFO - Excited the save Object method of mainutils class 
